\BOOKMARK [-1][]{part.1}{\376\377\000I\000\040\000F\000i\000n\000d\000\040\000s\000i\000m\000i\000l\000a\000r\000\040\000G\000a\000l\000a\000x\000y\000\040\000t\000o\000o\000l\000s}{}% 1
\BOOKMARK [0][]{chapter.1}{\376\377\0001\000\040\000I\000n\000t\000r\000o\000d\000u\000c\000t\000i\000o\000n}{part.1}% 2
\BOOKMARK [1][-]{section.1.1}{\376\377\0001\000.\0001\000\040\000G\000a\000l\000a\000x\000y}{chapter.1}% 3
\BOOKMARK [1][-]{section.1.2}{\376\377\0001\000.\0002\000\040\000G\000a\000l\000a\000x\000y\000\040\000t\000o\000o\000l\000s}{chapter.1}% 4
\BOOKMARK [1][-]{section.1.3}{\376\377\0001\000.\0003\000\040\000M\000o\000t\000i\000v\000a\000t\000i\000o\000n}{chapter.1}% 5
\BOOKMARK [0][]{chapter.2}{\376\377\0002\000\040\000A\000p\000p\000r\000o\000a\000c\000h}{part.1}% 6
\BOOKMARK [1][-]{section.2.1}{\376\377\0002\000.\0001\000\040\000E\000x\000t\000r\000a\000c\000t\000\040\000t\000o\000o\000l\000s\000\040\000d\000a\000t\000a}{chapter.2}% 7
\BOOKMARK [2][-]{subsection.2.1.1}{\376\377\0002\000.\0001\000.\0001\000\040\000S\000e\000l\000e\000c\000t\000\040\000t\000o\000o\000l\000s\000\040\000a\000t\000t\000r\000i\000b\000u\000t\000e\000s}{section.2.1}% 8
\BOOKMARK [2][-]{subsection.2.1.2}{\376\377\0002\000.\0001\000.\0002\000\040\000C\000l\000e\000a\000n\000\040\000t\000o\000o\000l\000s\000\040\000d\000a\000t\000a}{section.2.1}% 9
\BOOKMARK [1][-]{section.2.2}{\376\377\0002\000.\0002\000\040\000L\000e\000a\000r\000n\000\040\000d\000e\000n\000s\000e\000\040\000v\000e\000c\000t\000o\000r\000\040\000f\000o\000r\000\040\000a\000\040\000d\000o\000c\000u\000m\000e\000n\000t}{chapter.2}% 10
\BOOKMARK [2][-]{subsection.2.2.1}{\376\377\0002\000.\0002\000.\0001\000\040\000L\000a\000t\000e\000n\000t\000\040\000s\000e\000m\000a\000n\000t\000i\000c\000\040\000a\000n\000a\000l\000y\000s\000i\000s}{section.2.2}% 11
\BOOKMARK [2][-]{subsection.2.2.2}{\376\377\0002\000.\0002\000.\0002\000\040\000P\000a\000r\000a\000g\000r\000a\000p\000h\000\040\000v\000e\000c\000t\000o\000r\000s}{section.2.2}% 12
\BOOKMARK [1][-]{section.2.3}{\376\377\0002\000.\0003\000\040\000S\000i\000m\000i\000l\000a\000r\000i\000t\000y\000\040\000m\000e\000a\000s\000u\000r\000e\000s}{chapter.2}% 13
\BOOKMARK [2][-]{subsection.2.3.1}{\376\377\0002\000.\0003\000.\0001\000\040\000C\000o\000s\000i\000n\000e\000\040\000s\000i\000m\000i\000l\000a\000r\000i\000t\000y}{section.2.3}% 14
\BOOKMARK [2][-]{subsection.2.3.2}{\376\377\0002\000.\0003\000.\0002\000\040\000J\000a\000c\000c\000a\000r\000d\000\040\000i\000n\000d\000e\000x}{section.2.3}% 15
\BOOKMARK [1][-]{section.2.4}{\376\377\0002\000.\0004\000\040\000O\000p\000t\000i\000m\000i\000z\000a\000t\000i\000o\000n}{chapter.2}% 16
\BOOKMARK [2][-]{subsection.2.4.1}{\376\377\0002\000.\0004\000.\0001\000\040\000G\000r\000a\000d\000i\000e\000n\000t\000\040\000d\000e\000s\000c\000e\000n\000t}{section.2.4}% 17
\BOOKMARK [2][-]{subsection.2.4.2}{\376\377\0002\000.\0004\000.\0002\000\040\000L\000e\000a\000r\000n\000i\000n\000g\000\040\000r\000a\000t\000e\000\040\000d\000e\000c\000a\000y}{section.2.4}% 18
\BOOKMARK [2][-]{subsection.2.4.3}{\376\377\0002\000.\0004\000.\0003\000\040\000W\000e\000i\000g\000h\000t\000\040\000u\000p\000d\000a\000t\000e}{section.2.4}% 19
\BOOKMARK [0][]{chapter.3}{\376\377\0003\000\040\000E\000x\000p\000e\000r\000i\000m\000e\000n\000t\000s}{part.1}% 20
\BOOKMARK [1][-]{section.3.1}{\376\377\0003\000.\0001\000\040\000A\000m\000o\000u\000n\000t\000\040\000o\000f\000\040\000h\000e\000l\000p\000\040\000t\000e\000x\000t}{chapter.3}% 21
\BOOKMARK [1][-]{section.3.2}{\376\377\0003\000.\0002\000\040\000N\000u\000m\000b\000e\000r\000\040\000o\000f\000\040\000a\000t\000t\000r\000i\000b\000u\000t\000e\000s}{chapter.3}% 22
\BOOKMARK [1][-]{section.3.3}{\376\377\0003\000.\0003\000\040\000S\000i\000m\000i\000l\000a\000r\000i\000t\000y\000\040\000m\000e\000a\000s\000u\000r\000e\000s}{chapter.3}% 23
\BOOKMARK [1][-]{section.3.4}{\376\377\0003\000.\0004\000\040\000L\000a\000t\000e\000n\000t\000\040\000s\000e\000m\000a\000n\000t\000i\000c\000\040\000a\000n\000a\000l\000y\000s\000i\000s}{chapter.3}% 24
\BOOKMARK [1][-]{section.3.5}{\376\377\0003\000.\0005\000\040\000P\000a\000r\000a\000g\000r\000a\000p\000h\000\040\000v\000e\000c\000t\000o\000r\000s}{chapter.3}% 25
\BOOKMARK [2][-]{subsection.3.5.1}{\376\377\0003\000.\0005\000.\0001\000\040\000D\000i\000s\000t\000r\000i\000b\000u\000t\000e\000d\000\040\000b\000a\000g\000-\000o\000f\000-\000w\000o\000r\000d\000s}{section.3.5}% 26
\BOOKMARK [1][-]{section.3.6}{\376\377\0003\000.\0006\000\040\000G\000r\000a\000d\000i\000e\000n\000t\000\040\000d\000e\000s\000c\000e\000n\000t}{chapter.3}% 27
\BOOKMARK [2][-]{subsection.3.6.1}{\376\377\0003\000.\0006\000.\0001\000\040\000L\000e\000a\000r\000n\000i\000n\000g\000\040\000r\000a\000t\000e\000s}{section.3.6}% 28
\BOOKMARK [1][-]{section.3.7}{\376\377\0003\000.\0007\000\040\000C\000o\000d\000e\000\040\000r\000e\000p\000o\000s\000i\000t\000o\000r\000i\000e\000s}{chapter.3}% 29
\BOOKMARK [0][]{chapter.4}{\376\377\0004\000\040\000R\000e\000s\000u\000l\000t\000s\000\040\000a\000n\000d\000\040\000a\000n\000a\000l\000y\000s\000i\000s}{part.1}% 30
\BOOKMARK [1][-]{section.4.1}{\376\377\0004\000.\0001\000\040\000L\000a\000t\000e\000n\000t\000\040\000s\000e\000m\000a\000n\000t\000i\000c\000\040\000a\000n\000a\000l\000y\000s\000i\000s}{chapter.4}% 31
\BOOKMARK [2][-]{subsection.4.1.1}{\376\377\0004\000.\0001\000.\0001\000\040\000F\000u\000l\000l\000-\000r\000a\000n\000k\000\040\000m\000a\000t\000r\000i\000c\000e\000s}{section.4.1}% 32
\BOOKMARK [2][-]{subsection.4.1.2}{\376\377\0004\000.\0001\000.\0002\000\040\0007\0000\000\045\000\040\000o\000f\000\040\000f\000u\000l\000l\000-\000r\000a\000n\000k}{section.4.1}% 33
\BOOKMARK [2][-]{subsection.4.1.3}{\376\377\0004\000.\0001\000.\0003\000\040\0003\0000\000\045\000\040\000o\000f\000\040\000f\000u\000l\000l\000-\000r\000a\000n\000k}{section.4.1}% 34
\BOOKMARK [2][-]{subsection.4.1.4}{\376\377\0004\000.\0001\000.\0004\000\040\0005\000\045\000\040\000o\000f\000\040\000f\000u\000l\000l\000-\000r\000a\000n\000k}{section.4.1}% 35
\BOOKMARK [2][-]{subsection.4.1.5}{\376\377\0004\000.\0001\000.\0005\000\040\000I\000m\000p\000r\000o\000v\000e\000m\000e\000n\000t\000\040\000v\000e\000r\000i\000f\000i\000c\000a\000t\000i\000o\000n}{section.4.1}% 36
\BOOKMARK [1][-]{section.4.2}{\376\377\0004\000.\0002\000\040\000P\000a\000r\000a\000g\000r\000a\000p\000h\000\040\000v\000e\000c\000t\000o\000r\000s}{chapter.4}% 37
\BOOKMARK [1][-]{section.4.3}{\376\377\0004\000.\0003\000\040\000C\000o\000m\000p\000a\000r\000i\000s\000o\000n\000\040\000o\000f\000\040\000l\000a\000t\000e\000n\000t\000\040\000s\000e\000m\000a\000n\000t\000i\000c\000\040\000a\000n\000a\000l\000y\000s\000i\000s\000\040\000a\000n\000d\000\040\000p\000a\000r\000a\000g\000r\000a\000p\000h\000\040\000v\000e\000c\000t\000o\000r\000s\000\040\000a\000p\000p\000r\000o\000a\000c\000h\000e\000s}{chapter.4}% 38
\BOOKMARK [0][]{chapter.5}{\376\377\0005\000\040\000C\000o\000n\000c\000l\000u\000s\000i\000o\000n}{part.1}% 39
\BOOKMARK [1][-]{section.5.1}{\376\377\0005\000.\0001\000\040\000T\000o\000o\000l\000s\000\040\000d\000a\000t\000a}{chapter.5}% 40
\BOOKMARK [1][-]{section.5.2}{\376\377\0005\000.\0002\000\040\000A\000p\000p\000r\000o\000a\000c\000h\000e\000s}{chapter.5}% 41
\BOOKMARK [1][-]{section.5.3}{\376\377\0005\000.\0003\000\040\000O\000p\000t\000i\000m\000i\000z\000a\000t\000i\000o\000n}{chapter.5}% 42
\BOOKMARK [0][]{chapter.6}{\376\377\0006\000\040\000F\000u\000t\000u\000r\000e\000\040\000w\000o\000r\000k}{part.1}% 43
\BOOKMARK [1][-]{section.6.1}{\376\377\0006\000.\0001\000\040\000G\000e\000t\000\040\000t\000r\000u\000e\000\040\000s\000i\000m\000i\000l\000a\000r\000i\000t\000y\000\040\000v\000a\000l\000u\000e\000s}{chapter.6}% 44
\BOOKMARK [1][-]{section.6.2}{\376\377\0006\000.\0002\000\040\000C\000o\000r\000r\000e\000l\000a\000t\000i\000o\000n}{chapter.6}% 45
\BOOKMARK [1][-]{section.6.3}{\376\377\0006\000.\0003\000\040\000O\000t\000h\000e\000r\000\040\000e\000r\000r\000o\000r\000\040\000f\000u\000n\000c\000t\000i\000o\000n\000s}{chapter.6}% 46
\BOOKMARK [1][-]{section.6.4}{\376\377\0006\000.\0004\000\040\000M\000o\000r\000e\000\040\000t\000o\000o\000l\000s}{chapter.6}% 47
\BOOKMARK [-1][]{part.2}{\376\377\000I\000I\000\040\000P\000r\000e\000d\000i\000c\000t\000\040\000n\000e\000x\000t\000\040\000t\000o\000o\000l\000s\000\040\000i\000n\000\040\000G\000a\000l\000a\000x\000y\000\040\000w\000o\000r\000k\000f\000l\000o\000w\000s}{}% 48
\BOOKMARK [0][]{chapter.7}{\376\377\0007\000\040\000I\000n\000t\000r\000o\000d\000u\000c\000t\000i\000o\000n}{part.2}% 49
\BOOKMARK [1][-]{section.7.1}{\376\377\0007\000.\0001\000\040\000G\000a\000l\000a\000x\000y\000\040\000w\000o\000r\000k\000f\000l\000o\000w\000s}{chapter.7}% 50
\BOOKMARK [0][]{chapter.8}{\376\377\0008\000\040\000M\000o\000t\000i\000v\000a\000t\000i\000o\000n}{part.2}% 51
\BOOKMARK [0][]{chapter.9}{\376\377\0009\000\040\000P\000r\000e\000v\000i\000o\000u\000s\000\040\000w\000o\000r\000k}{part.2}% 52
\BOOKMARK [0][]{chapter.10}{\376\377\0001\0000\000\040\000O\000u\000r\000\040\000a\000p\000p\000r\000o\000a\000c\000h}{part.2}% 53
\BOOKMARK [0][]{chapter.11}{\376\377\0001\0001\000\040\000E\000x\000p\000e\000r\000i\000m\000e\000n\000t\000s}{part.2}% 54
\BOOKMARK [0][]{chapter.12}{\376\377\0001\0002\000\040\000R\000e\000s\000u\000l\000t\000s\000\040\000a\000n\000d\000\040\000a\000n\000a\000l\000y\000s\000i\000s}{part.2}% 55
\BOOKMARK [0][]{chapter.13}{\376\377\0001\0003\000\040\000C\000o\000n\000c\000l\000u\000s\000i\000o\000n}{part.2}% 56
\BOOKMARK [0][]{chapter.14}{\376\377\0001\0004\000\040\000F\000u\000t\000u\000r\000e\000\040\000w\000o\000r\000k}{part.2}% 57
\BOOKMARK [0][]{chapter.14}{\376\377\000B\000i\000b\000l\000i\000o\000g\000r\000a\000p\000h\000y}{part.2}% 58
