This is pdfTeX, Version 3.14159265-2.6-1.40.16 (TeX Live 2015/Debian) (preloaded format=pdflatex 2018.2.2)  7 MAY 2018 15:37
entering extended mode
 restricted \write18 enabled.
 %&-line parsing enabled.
**master_thesis.tex
(./master_thesis.tex
LaTeX2e <2016/02/01>
Babel <3.9q> and hyphenation patterns for 81 language(s) loaded.
(/usr/share/texlive/texmf-dist/tex/latex/koma-script/scrbook.cls
Document Class: scrbook 2015/10/03 v3.19a KOMA-Script document class (book)
(/usr/share/texlive/texmf-dist/tex/latex/koma-script/scrkbase.sty
Package: scrkbase 2015/10/03 v3.19a KOMA-Script package (KOMA-Script-dependent 
basics and keyval usage)

(/usr/share/texlive/texmf-dist/tex/latex/koma-script/scrbase.sty
Package: scrbase 2015/10/03 v3.19a KOMA-Script package (KOMA-Script-independent
 basics and keyval usage)

(/usr/share/texlive/texmf-dist/tex/latex/graphics/keyval.sty
Package: keyval 2014/10/28 v1.15 key=value parser (DPC)
\KV@toks@=\toks14
)
(/usr/share/texlive/texmf-dist/tex/latex/koma-script/scrlfile.sty
Package: scrlfile 2015/10/03 v3.19a KOMA-Script package (loading files)

Package scrlfile, 2015/10/03 v3.19a KOMA-Script package (loading files)
                  Copyright (C) Markus Kohm

))) (/usr/share/texlive/texmf-dist/tex/latex/koma-script/tocbasic.sty
Package: tocbasic 2015/10/03 v3.19a KOMA-Script package (handling toc-files)
)
Package tocbasic Info: omitting babel extension for `toc'
(tocbasic)             because of feature `nobabel' available
(tocbasic)             for `toc' on input line 125.
Package tocbasic Info: omitting babel extension for `lof'
(tocbasic)             because of feature `nobabel' available
(tocbasic)             for `lof' on input line 126.
Package tocbasic Info: omitting babel extension for `lot'
(tocbasic)             because of feature `nobabel' available
(tocbasic)             for `lot' on input line 127.
Package tocbasic Info: defining new hook before heading of `' on input line 158
4.
Package scrbook Info: You've used standard option `11pt'.
(scrbook)             This is correct!
(scrbook)             Internally I'm using `fontsize=11pt'.
(scrbook)             If you'd like to set the option with \KOMAoptions,
(scrbook)             you'd have to use `fontsize=11pt' there
(scrbook)             instead of `11pt', too.
Class scrbook Info: You've used standard option `oneside'.
(scrbook)           This is correct!
(scrbook)           Internally I'm using `twoside=false'.
(scrbook)           If you'd like to set the option with \KOMAoptions,
(scrbook)           you'd have to use `twoside=false' there
(scrbook)           instead of `oneside', too.
Class scrbook Info: File `scrsize11pt.clo' used to setup font sizes on input li
ne 2251.

(/usr/share/texlive/texmf-dist/tex/latex/koma-script/scrsize11pt.clo
File: scrsize11pt.clo 2015/10/03 v3.19a KOMA-Script font size class option (11p
t)
)
(/usr/share/texlive/texmf-dist/tex/latex/koma-script/typearea.sty
Package: typearea 2015/10/03 v3.19a KOMA-Script package (type area)

Package typearea, 2015/10/03 v3.19a KOMA-Script package (type area)
                  Copyright (C) Frank Neukam, 1992-1994
                  Copyright (C) Markus Kohm, 1994-

\ta@bcor=\skip41
\ta@div=\count79
Package typearea Info: You've used standard option `a4paper'.
(typearea)             This is correct!
(typearea)             Internally I'm using `paper=a4'.
(typearea)             If you'd like to set the option with \KOMAoptions,
(typearea)             you'd have to use `paper=a4' there
(typearea)             instead of `a4paper', too.
Package typearea Info: You've used standard option `oneside'.
(typearea)             This is correct!
(typearea)             Internally I'm using `twoside=false'.
(typearea)             If you'd like to set the option with \KOMAoptions,
(typearea)             you'd have to use `twoside=false' there
(typearea)             instead of `oneside', too.
\ta@hblk=\skip42
\ta@vblk=\skip43
\ta@temp=\skip44
\footheight=\skip45
Package typearea Info: These are the values describing the layout:
(typearea)             DIV  = 10
(typearea)             BCOR = 28.45274pt
(typearea)             \paperwidth      = 597.50793pt
(typearea)              \textwidth      = 398.33864pt
(typearea)              DIV departure   = -1%
(typearea)              \evensidemargin = 41.54103pt
(typearea)              \oddsidemargin  = 41.54103pt
(typearea)             \paperheight     = 845.04694pt
(typearea)              \textheight     = 595.80026pt
(typearea)              \topmargin      = -25.16531pt
(typearea)              \headheight     = 17.0pt
(typearea)              \headsep        = 20.40001pt
(typearea)              \topskip        = 11.0pt
(typearea)              \footskip       = 47.6pt
(typearea)              \baselineskip   = 13.6pt
(typearea)              on input line 1509.
)
\c@part=\count80
\c@chapter=\count81
\c@section=\count82
\c@subsection=\count83
\c@subsubsection=\count84
\c@paragraph=\count85
\c@subparagraph=\count86
LaTeX Info: Redefining \textsubscript on input line 4654.
\abovecaptionskip=\skip46
\belowcaptionskip=\skip47
\c@pti@nb@sid@b@x=\box26
\c@figure=\count87
\c@table=\count88
\bibindent=\dimen102
) (./setup.tex (/usr/share/texlive/texmf-dist/tex/latex/base/fontenc.sty
Package: fontenc 2005/09/27 v1.99g Standard LaTeX package

(/usr/share/texlive/texmf-dist/tex/latex/base/t1enc.def
File: t1enc.def 2005/09/27 v1.99g Standard LaTeX file
LaTeX Font Info:    Redeclaring font encoding T1 on input line 48.
))
(/usr/share/texlive/texmf-dist/tex/latex/base/inputenc.sty
Package: inputenc 2015/03/17 v1.2c Input encoding file
\inpenc@prehook=\toks15
\inpenc@posthook=\toks16

(/usr/share/texlive/texmf-dist/tex/latex/ucs/utf8x.def
File: utf8x.def 2004/10/17 UCS: Input encoding UTF-8
))
(/usr/share/texlive/texmf-dist/tex/latex/ucs/ucs.sty
Package: ucs 2013/05/11 v2.2 UCS: Unicode input support

(/usr/share/texlive/texmf-dist/tex/latex/ucs/data/uni-global.def
File: uni-global.def 2013/05/13 UCS: Unicode global data
)
\uc@secondtry=\count89
\uc@combtoks=\toks17
\uc@combtoksb=\toks18
\uc@temptokena=\toks19
)
(/usr/share/texlive/texmf-dist/tex/latex/koma-script/scrhack.sty
Package: scrhack 2015/10/03 v3.19a KOMA-Script package 
)
(/usr/share/texlive/texmf-dist/tex/latex/caption/caption.sty
Package: caption 2016/02/21 v3.3-144 Customizing captions (AR)

(/usr/share/texlive/texmf-dist/tex/latex/caption/caption3.sty
Package: caption3 2016/02/04 v1.7-139 caption3 kernel (AR)
Package caption3 Info: TeX engine: e-TeX on input line 67.
\captionmargin=\dimen103
\captionmargin@=\dimen104
\captionwidth=\dimen105
\caption@tempdima=\dimen106
\caption@indent=\dimen107
\caption@parindent=\dimen108
\caption@hangindent=\dimen109
)
Package caption Info: KOMA-Script document class.
\c@ContinuedFloat=\count90
)
(/usr/share/texlive/texmf-dist/tex/latex/chngcntr/chngcntr.sty
Package: chngcntr 2009/09/02 v1.0a change counter resetting
)
(/usr/share/texlive/texmf-dist/tex/latex/setspace/setspace.sty
Package: setspace 2011/12/19 v6.7a set line spacing
)
Package scrhack Info: loading setspace hack on input line 29.

(/usr/share/texlive/texmf-dist/tex/latex/koma-script/setspace.hak
File: setspace.hak 2015/10/03 v3.19a KOMA-Script package (hacking package setsp
ace)
)
(/usr/share/texlive/texmf-dist/tex/latex/xcolor/xcolor.sty
Package: xcolor 2007/01/21 v2.11 LaTeX color extensions (UK)

(/usr/share/texlive/texmf-dist/tex/latex/latexconfig/color.cfg
File: color.cfg 2007/01/18 v1.5 color configuration of teTeX/TeXLive
)
Package xcolor Info: Driver file: pdftex.def on input line 225.

(/usr/share/texlive/texmf-dist/tex/latex/pdftex-def/pdftex.def
File: pdftex.def 2011/05/27 v0.06d Graphics/color for pdfTeX

(/usr/share/texlive/texmf-dist/tex/generic/oberdiek/infwarerr.sty
Package: infwarerr 2010/04/08 v1.3 Providing info/warning/error messages (HO)
)
(/usr/share/texlive/texmf-dist/tex/generic/oberdiek/ltxcmds.sty
Package: ltxcmds 2011/11/09 v1.22 LaTeX kernel commands for general use (HO)
)
\Gread@gobject=\count91
)
Package xcolor Info: Model `cmy' substituted by `cmy0' on input line 1337.
Package xcolor Info: Model `hsb' substituted by `rgb' on input line 1341.
Package xcolor Info: Model `RGB' extended on input line 1353.
Package xcolor Info: Model `HTML' substituted by `rgb' on input line 1355.
Package xcolor Info: Model `Hsb' substituted by `hsb' on input line 1356.
Package xcolor Info: Model `tHsb' substituted by `hsb' on input line 1357.
Package xcolor Info: Model `HSB' substituted by `hsb' on input line 1358.
Package xcolor Info: Model `Gray' substituted by `gray' on input line 1359.
Package xcolor Info: Model `wave' substituted by `hsb' on input line 1360.

(/usr/share/texlive/texmf-dist/tex/latex/graphics/dvipsnam.def
File: dvipsnam.def 2015/12/30 v3.0k Driver-dependent file (DPC,SPQR)
))
(/usr/share/texlive/texmf-dist/tex/latex/tools/array.sty
Package: array 2014/10/28 v2.4c Tabular extension package (FMi)
\col@sep=\dimen110
\extrarowheight=\dimen111
\NC@list=\toks20
\extratabsurround=\skip48
\backup@length=\skip49
)
(/usr/share/texlive/texmf-dist/tex/latex/graphics/graphicx.sty
Package: graphicx 2014/10/28 v1.0g Enhanced LaTeX Graphics (DPC,SPQR)

(/usr/share/texlive/texmf-dist/tex/latex/graphics/graphics.sty
Package: graphics 2016/01/03 v1.0q Standard LaTeX Graphics (DPC,SPQR)

(/usr/share/texlive/texmf-dist/tex/latex/graphics/trig.sty
Package: trig 2016/01/03 v1.10 sin cos tan (DPC)
)
(/usr/share/texlive/texmf-dist/tex/latex/latexconfig/graphics.cfg
File: graphics.cfg 2010/04/23 v1.9 graphics configuration of TeX Live
)
Package graphics Info: Driver file: pdftex.def on input line 95.
)
\Gin@req@height=\dimen112
\Gin@req@width=\dimen113
)
(/usr/share/texlive/texmf-dist/tex/latex/subfig/subfig.sty
Package: subfig 2005/06/28 ver: 1.3 subfig package
\c@KVtest=\count92
\sf@farskip=\skip50
\sf@captopadj=\dimen114
\sf@capskip=\skip51
\sf@nearskip=\skip52
\c@subfigure=\count93
\c@subfigure@save=\count94
\c@lofdepth=\count95
\c@subtable=\count96
\c@subtable@save=\count97
\c@lotdepth=\count98
\sf@top=\skip53
\sf@bottom=\skip54
)
(/usr/share/texlive/texmf-dist/tex/latex/amsmath/amsmath.sty
Package: amsmath 2016/03/03 v2.15a AMS math features
\@mathmargin=\skip55

For additional information on amsmath, use the `?' option.
(/usr/share/texlive/texmf-dist/tex/latex/amsmath/amstext.sty
Package: amstext 2000/06/29 v2.01 AMS text

(/usr/share/texlive/texmf-dist/tex/latex/amsmath/amsgen.sty
File: amsgen.sty 1999/11/30 v2.0 generic functions
\@emptytoks=\toks21
\ex@=\dimen115
))
(/usr/share/texlive/texmf-dist/tex/latex/amsmath/amsbsy.sty
Package: amsbsy 1999/11/29 v1.2d Bold Symbols
\pmbraise@=\dimen116
)
(/usr/share/texlive/texmf-dist/tex/latex/amsmath/amsopn.sty
Package: amsopn 1999/12/14 v2.01 operator names
)
\inf@bad=\count99
LaTeX Info: Redefining \frac on input line 199.
\uproot@=\count100
\leftroot@=\count101
LaTeX Info: Redefining \overline on input line 297.
\classnum@=\count102
\DOTSCASE@=\count103
LaTeX Info: Redefining \ldots on input line 394.
LaTeX Info: Redefining \dots on input line 397.
LaTeX Info: Redefining \cdots on input line 518.
\Mathstrutbox@=\box27
\strutbox@=\box28
\big@size=\dimen117
LaTeX Font Info:    Redeclaring font encoding OML on input line 630.
LaTeX Font Info:    Redeclaring font encoding OMS on input line 631.
\macc@depth=\count104
\c@MaxMatrixCols=\count105
\dotsspace@=\muskip10
\c@parentequation=\count106
\dspbrk@lvl=\count107
\tag@help=\toks22
\row@=\count108
\column@=\count109
\maxfields@=\count110
\andhelp@=\toks23
\eqnshift@=\dimen118
\alignsep@=\dimen119
\tagshift@=\dimen120
\tagwidth@=\dimen121
\totwidth@=\dimen122
\lineht@=\dimen123
\@envbody=\toks24
\multlinegap=\skip56
\multlinetaggap=\skip57
\mathdisplay@stack=\toks25
LaTeX Info: Redefining \[ on input line 2735.
LaTeX Info: Redefining \] on input line 2736.
)
(/usr/share/texlive/texmf-dist/tex/latex/amscls/amsthm.sty
Package: amsthm 2015/03/04 v2.20.2
\thm@style=\toks26
\thm@bodyfont=\toks27
\thm@headfont=\toks28
\thm@notefont=\toks29
\thm@headpunct=\toks30
\thm@preskip=\skip58
\thm@postskip=\skip59
\thm@headsep=\skip60
\dth@everypar=\toks31
)
(/usr/share/texlive/texmf-dist/tex/latex/amsfonts/amsfonts.sty
Package: amsfonts 2013/01/14 v3.01 Basic AMSFonts support
\symAMSa=\mathgroup4
\symAMSb=\mathgroup5
LaTeX Font Info:    Overwriting math alphabet `\mathfrak' in version `bold'
(Font)                  U/euf/m/n --> U/euf/b/n on input line 106.
)
(/usr/share/texlive/texmf-dist/tex/latex/tools/calc.sty
Package: calc 2014/10/28 v4.3 Infix arithmetic (KKT,FJ)
\calc@Acount=\count111
\calc@Bcount=\count112
\calc@Adimen=\dimen124
\calc@Bdimen=\dimen125
\calc@Askip=\skip61
\calc@Bskip=\skip62
LaTeX Info: Redefining \setlength on input line 80.
LaTeX Info: Redefining \addtolength on input line 81.
\calc@Ccount=\count113
\calc@Cskip=\skip63
)
Package scrhack Info: hyperref hack deactivated because of
(scrhack)             detection of KOMA-Script class, that doesn't
(scrhack)             need that hack, on input line 46.

(/usr/share/texlive/texmf-dist/tex/latex/hyperref/hyperref.sty
Package: hyperref 2012/11/06 v6.83m Hypertext links for LaTeX

(/usr/share/texlive/texmf-dist/tex/generic/oberdiek/hobsub-hyperref.sty
Package: hobsub-hyperref 2012/05/28 v1.13 Bundle oberdiek, subset hyperref (HO)


(/usr/share/texlive/texmf-dist/tex/generic/oberdiek/hobsub-generic.sty
Package: hobsub-generic 2012/05/28 v1.13 Bundle oberdiek, subset generic (HO)
Package: hobsub 2012/05/28 v1.13 Construct package bundles (HO)
Package hobsub Info: Skipping package `infwarerr' (already loaded).
Package hobsub Info: Skipping package `ltxcmds' (already loaded).
Package: ifluatex 2010/03/01 v1.3 Provides the ifluatex switch (HO)
Package ifluatex Info: LuaTeX not detected.
Package: ifvtex 2010/03/01 v1.5 Detect VTeX and its facilities (HO)
Package ifvtex Info: VTeX not detected.
Package: intcalc 2007/09/27 v1.1 Expandable calculations with integers (HO)
Package: ifpdf 2011/01/30 v2.3 Provides the ifpdf switch (HO)
Package ifpdf Info: pdfTeX in PDF mode is detected.
Package: etexcmds 2011/02/16 v1.5 Avoid name clashes with e-TeX commands (HO)
Package etexcmds Info: Could not find \expanded.
(etexcmds)             That can mean that you are not using pdfTeX 1.50 or
(etexcmds)             that some package has redefined \expanded.
(etexcmds)             In the latter case, load this package earlier.
Package: kvsetkeys 2012/04/25 v1.16 Key value parser (HO)
Package: kvdefinekeys 2011/04/07 v1.3 Define keys (HO)
Package: pdftexcmds 2011/11/29 v0.20 Utility functions of pdfTeX for LuaTeX (HO
)
Package pdftexcmds Info: LuaTeX not detected.
Package pdftexcmds Info: \pdf@primitive is available.
Package pdftexcmds Info: \pdf@ifprimitive is available.
Package pdftexcmds Info: \pdfdraftmode found.
Package: pdfescape 2011/11/25 v1.13 Implements pdfTeX's escape features (HO)
Package: bigintcalc 2012/04/08 v1.3 Expandable calculations on big integers (HO
)
Package: bitset 2011/01/30 v1.1 Handle bit-vector datatype (HO)
Package: uniquecounter 2011/01/30 v1.2 Provide unlimited unique counter (HO)
)
Package hobsub Info: Skipping package `hobsub' (already loaded).
Package: letltxmacro 2010/09/02 v1.4 Let assignment for LaTeX macros (HO)
Package: hopatch 2012/05/28 v1.2 Wrapper for package hooks (HO)
Package: xcolor-patch 2011/01/30 xcolor patch
Package: atveryend 2011/06/30 v1.8 Hooks at the very end of document (HO)
Package atveryend Info: \enddocument detected (standard20110627).
Package: atbegshi 2011/10/05 v1.16 At begin shipout hook (HO)
Package: refcount 2011/10/16 v3.4 Data extraction from label references (HO)
Package: hycolor 2011/01/30 v1.7 Color options for hyperref/bookmark (HO)
)
(/usr/share/texlive/texmf-dist/tex/generic/ifxetex/ifxetex.sty
Package: ifxetex 2010/09/12 v0.6 Provides ifxetex conditional
)
(/usr/share/texlive/texmf-dist/tex/latex/oberdiek/auxhook.sty
Package: auxhook 2011/03/04 v1.3 Hooks for auxiliary files (HO)
)
(/usr/share/texlive/texmf-dist/tex/latex/oberdiek/kvoptions.sty
Package: kvoptions 2011/06/30 v3.11 Key value format for package options (HO)
)
\@linkdim=\dimen126
\Hy@linkcounter=\count114
\Hy@pagecounter=\count115

(/usr/share/texlive/texmf-dist/tex/latex/hyperref/pd1enc.def
File: pd1enc.def 2012/11/06 v6.83m Hyperref: PDFDocEncoding definition (HO)
)
\Hy@SavedSpaceFactor=\count116

(/usr/share/texlive/texmf-dist/tex/latex/latexconfig/hyperref.cfg
File: hyperref.cfg 2002/06/06 v1.2 hyperref configuration of TeXLive
)
Package hyperref Info: Option `unicode' set `true' on input line 4319.

(/usr/share/texlive/texmf-dist/tex/latex/hyperref/puenc.def
File: puenc.def 2012/11/06 v6.83m Hyperref: PDF Unicode definition (HO)
)
Package hyperref Info: Option `bookmarks' set `true' on input line 4319.
Package hyperref Info: Option `bookmarksnumbered' set `true' on input line 4319
.
Package hyperref Info: Option `bookmarksopen' set `true' on input line 4319.
Package hyperref Info: Option `breaklinks' set `false' on input line 4319.
Package hyperref Info: Option `colorlinks' set `false' on input line 4319.
Package hyperref Info: Hyper figures OFF on input line 4443.
Package hyperref Info: Link nesting OFF on input line 4448.
Package hyperref Info: Hyper index ON on input line 4451.
Package hyperref Info: Plain pages OFF on input line 4458.
Package hyperref Info: Backreferencing OFF on input line 4463.
Package hyperref Info: Implicit mode ON; LaTeX internals redefined.
Package hyperref Info: Bookmarks ON on input line 4688.
\c@Hy@tempcnt=\count117

(/usr/share/texlive/texmf-dist/tex/latex/url/url.sty
\Urlmuskip=\muskip11
Package: url 2013/09/16  ver 3.4  Verb mode for urls, etc.
)
LaTeX Info: Redefining \url on input line 5041.
\XeTeXLinkMargin=\dimen127
\Fld@menulength=\count118
\Field@Width=\dimen128
\Fld@charsize=\dimen129
Package hyperref Info: Hyper figures OFF on input line 6295.
Package hyperref Info: Link nesting OFF on input line 6300.
Package hyperref Info: Hyper index ON on input line 6303.
Package hyperref Info: backreferencing OFF on input line 6310.
Package hyperref Info: Link coloring OFF on input line 6315.
Package hyperref Info: Link coloring with OCG OFF on input line 6320.
Package hyperref Info: PDF/A mode OFF on input line 6325.
LaTeX Info: Redefining \ref on input line 6365.
LaTeX Info: Redefining \pageref on input line 6369.
\Hy@abspage=\count119
\c@Item=\count120
\c@Hfootnote=\count121
)

Package hyperref Message: Driver (autodetected): hpdftex.

(/usr/share/texlive/texmf-dist/tex/latex/hyperref/hpdftex.def
File: hpdftex.def 2012/11/06 v6.83m Hyperref driver for pdfTeX
\Fld@listcount=\count122
\c@bookmark@seq@number=\count123

(/usr/share/texlive/texmf-dist/tex/latex/oberdiek/rerunfilecheck.sty
Package: rerunfilecheck 2011/04/15 v1.7 Rerun checks for auxiliary files (HO)
Package uniquecounter Info: New unique counter `rerunfilecheck' on input line 2
82.
)
\Hy@SectionHShift=\skip64
)
(/usr/share/texlive/texmf-dist/tex/latex/algorithms/algorithm.sty
Package: algorithm 2009/08/24 v0.1 Document Style `algorithm' - floating enviro
nment

(/usr/share/texlive/texmf-dist/tex/latex/float/float.sty
Package: float 2001/11/08 v1.3d Float enhancements (AL)
\c@float@type=\count124
\float@exts=\toks32
\float@box=\box29
\@float@everytoks=\toks33
\@floatcapt=\box30
)
Package scrhack Info: loading float hack on input line 32.

(/usr/share/texlive/texmf-dist/tex/latex/koma-script/float.hak
File: float.hak 2015/10/03 v3.19a KOMA-Script package (hacking package float)
Package scrhack Info: redefining \newfloat on input line 161.
Package scrhack Info: redefining \listof on input line 161.
Package scrhack Info: undefining \float@addtolists on input line 161.
)
(/usr/share/texlive/texmf-dist/tex/latex/base/ifthen.sty
Package: ifthen 2014/09/29 v1.1c Standard LaTeX ifthen package (DPC)
)
Package tocbasic Info: setting babel extension for `loa' on input line 95.
\@float@every@algorithm=\toks34
\c@algorithm=\count125
)
(/usr/share/texlive/texmf-dist/tex/latex/algorithmicx/algpseudocode.sty
Package: algpseudocode 

(/usr/share/texlive/texmf-dist/tex/latex/algorithmicx/algorithmicx.sty
Package: algorithmicx 2005/04/27 v1.2 Algorithmicx

Document Style algorithmicx 1.2 - a greatly improved `algorithmic' style
\c@ALG@line=\count126
\c@ALG@rem=\count127
\c@ALG@nested=\count128
\ALG@tlm=\skip65
\ALG@thistlm=\skip66
\c@ALG@Lnr=\count129
\c@ALG@blocknr=\count130
\c@ALG@storecount=\count131
\c@ALG@tmpcounter=\count132
\ALG@tmplength=\skip67
)
Document Style - pseudocode environments for use with the `algorithmicx' style
) (/usr/share/texlive/texmf-dist/tex/latex/tools/bm.sty
Package: bm 2014/10/28 v1.1c Bold Symbol Support (DPC/FMi)
\symboldoperators=\mathgroup6
\symboldletters=\mathgroup7
\symboldsymbols=\mathgroup8
LaTeX Font Info:    Redeclaring math alphabet \mathbf on input line 141.
LaTeX Info: Redefining \bm on input line 207.
)
(/usr/share/texlive/texmf-dist/tex/latex/pgf/frontendlayer/tikz.sty
(/usr/share/texlive/texmf-dist/tex/latex/pgf/basiclayer/pgf.sty
(/usr/share/texlive/texmf-dist/tex/latex/pgf/utilities/pgfrcs.sty
(/usr/share/texlive/texmf-dist/tex/generic/pgf/utilities/pgfutil-common.tex
\pgfutil@everybye=\toks35
\pgfutil@tempdima=\dimen130
\pgfutil@tempdimb=\dimen131

(/usr/share/texlive/texmf-dist/tex/generic/pgf/utilities/pgfutil-common-lists.t
ex)) (/usr/share/texlive/texmf-dist/tex/generic/pgf/utilities/pgfutil-latex.def
\pgfutil@abb=\box31
(/usr/share/texlive/texmf-dist/tex/latex/ms/everyshi.sty
Package: everyshi 2001/05/15 v3.00 EveryShipout Package (MS)
))
(/usr/share/texlive/texmf-dist/tex/generic/pgf/utilities/pgfrcs.code.tex
Package: pgfrcs 2015/08/07 v3.0.1a (rcs-revision 1.31)
))
Package: pgf 2015/08/07 v3.0.1a (rcs-revision 1.15)

(/usr/share/texlive/texmf-dist/tex/latex/pgf/basiclayer/pgfcore.sty
(/usr/share/texlive/texmf-dist/tex/latex/pgf/systemlayer/pgfsys.sty
(/usr/share/texlive/texmf-dist/tex/generic/pgf/systemlayer/pgfsys.code.tex
Package: pgfsys 2014/07/09 v3.0.1a (rcs-revision 1.48)

(/usr/share/texlive/texmf-dist/tex/generic/pgf/utilities/pgfkeys.code.tex
\pgfkeys@pathtoks=\toks36
\pgfkeys@temptoks=\toks37

(/usr/share/texlive/texmf-dist/tex/generic/pgf/utilities/pgfkeysfiltered.code.t
ex
\pgfkeys@tmptoks=\toks38
))
\pgf@x=\dimen132
\pgf@y=\dimen133
\pgf@xa=\dimen134
\pgf@ya=\dimen135
\pgf@xb=\dimen136
\pgf@yb=\dimen137
\pgf@xc=\dimen138
\pgf@yc=\dimen139
\w@pgf@writea=\write3
\r@pgf@reada=\read1
\c@pgf@counta=\count133
\c@pgf@countb=\count134
\c@pgf@countc=\count135
\c@pgf@countd=\count136
\t@pgf@toka=\toks39
\t@pgf@tokb=\toks40
\t@pgf@tokc=\toks41
 (/usr/share/texlive/texmf-dist/tex/generic/pgf/systemlayer/pgf.cfg
File: pgf.cfg 2008/05/14  (rcs-revision 1.7)
)
Driver file for pgf: pgfsys-pdftex.def

(/usr/share/texlive/texmf-dist/tex/generic/pgf/systemlayer/pgfsys-pdftex.def
File: pgfsys-pdftex.def 2014/10/11  (rcs-revision 1.35)

(/usr/share/texlive/texmf-dist/tex/generic/pgf/systemlayer/pgfsys-common-pdf.de
f
File: pgfsys-common-pdf.def 2013/10/10  (rcs-revision 1.13)
)))
(/usr/share/texlive/texmf-dist/tex/generic/pgf/systemlayer/pgfsyssoftpath.code.
tex
File: pgfsyssoftpath.code.tex 2013/09/09  (rcs-revision 1.9)
\pgfsyssoftpath@smallbuffer@items=\count137
\pgfsyssoftpath@bigbuffer@items=\count138
)
(/usr/share/texlive/texmf-dist/tex/generic/pgf/systemlayer/pgfsysprotocol.code.
tex
File: pgfsysprotocol.code.tex 2006/10/16  (rcs-revision 1.4)
))
(/usr/share/texlive/texmf-dist/tex/generic/pgf/basiclayer/pgfcore.code.tex
Package: pgfcore 2010/04/11 v3.0.1a (rcs-revision 1.7)

(/usr/share/texlive/texmf-dist/tex/generic/pgf/math/pgfmath.code.tex
(/usr/share/texlive/texmf-dist/tex/generic/pgf/math/pgfmathcalc.code.tex
(/usr/share/texlive/texmf-dist/tex/generic/pgf/math/pgfmathutil.code.tex)
(/usr/share/texlive/texmf-dist/tex/generic/pgf/math/pgfmathparser.code.tex
\pgfmath@dimen=\dimen140
\pgfmath@count=\count139
\pgfmath@box=\box32
\pgfmath@toks=\toks42
\pgfmath@stack@operand=\toks43
\pgfmath@stack@operation=\toks44
)
(/usr/share/texlive/texmf-dist/tex/generic/pgf/math/pgfmathfunctions.code.tex
(/usr/share/texlive/texmf-dist/tex/generic/pgf/math/pgfmathfunctions.basic.code
.tex)
(/usr/share/texlive/texmf-dist/tex/generic/pgf/math/pgfmathfunctions.trigonomet
ric.code.tex)
(/usr/share/texlive/texmf-dist/tex/generic/pgf/math/pgfmathfunctions.random.cod
e.tex)
(/usr/share/texlive/texmf-dist/tex/generic/pgf/math/pgfmathfunctions.comparison
.code.tex)
(/usr/share/texlive/texmf-dist/tex/generic/pgf/math/pgfmathfunctions.base.code.
tex)
(/usr/share/texlive/texmf-dist/tex/generic/pgf/math/pgfmathfunctions.round.code
.tex)
(/usr/share/texlive/texmf-dist/tex/generic/pgf/math/pgfmathfunctions.misc.code.
tex)
(/usr/share/texlive/texmf-dist/tex/generic/pgf/math/pgfmathfunctions.integerari
thmetics.code.tex)))
(/usr/share/texlive/texmf-dist/tex/generic/pgf/math/pgfmathfloat.code.tex
\c@pgfmathroundto@lastzeros=\count140
))
(/usr/share/texlive/texmf-dist/tex/generic/pgf/basiclayer/pgfcorepoints.code.te
x
File: pgfcorepoints.code.tex 2013/10/07  (rcs-revision 1.27)
\pgf@picminx=\dimen141
\pgf@picmaxx=\dimen142
\pgf@picminy=\dimen143
\pgf@picmaxy=\dimen144
\pgf@pathminx=\dimen145
\pgf@pathmaxx=\dimen146
\pgf@pathminy=\dimen147
\pgf@pathmaxy=\dimen148
\pgf@xx=\dimen149
\pgf@xy=\dimen150
\pgf@yx=\dimen151
\pgf@yy=\dimen152
\pgf@zx=\dimen153
\pgf@zy=\dimen154
)
(/usr/share/texlive/texmf-dist/tex/generic/pgf/basiclayer/pgfcorepathconstruct.
code.tex
File: pgfcorepathconstruct.code.tex 2013/10/07  (rcs-revision 1.29)
\pgf@path@lastx=\dimen155
\pgf@path@lasty=\dimen156
)
(/usr/share/texlive/texmf-dist/tex/generic/pgf/basiclayer/pgfcorepathusage.code
.tex
File: pgfcorepathusage.code.tex 2014/11/02  (rcs-revision 1.24)
\pgf@shorten@end@additional=\dimen157
\pgf@shorten@start@additional=\dimen158
)
(/usr/share/texlive/texmf-dist/tex/generic/pgf/basiclayer/pgfcorescopes.code.te
x
File: pgfcorescopes.code.tex 2015/05/08  (rcs-revision 1.46)
\pgfpic=\box33
\pgf@hbox=\box34
\pgf@layerbox@main=\box35
\pgf@picture@serial@count=\count141
)
(/usr/share/texlive/texmf-dist/tex/generic/pgf/basiclayer/pgfcoregraphicstate.c
ode.tex
File: pgfcoregraphicstate.code.tex 2014/11/02  (rcs-revision 1.12)
\pgflinewidth=\dimen159
)
(/usr/share/texlive/texmf-dist/tex/generic/pgf/basiclayer/pgfcoretransformation
s.code.tex
File: pgfcoretransformations.code.tex 2015/08/07  (rcs-revision 1.20)
\pgf@pt@x=\dimen160
\pgf@pt@y=\dimen161
\pgf@pt@temp=\dimen162
)
(/usr/share/texlive/texmf-dist/tex/generic/pgf/basiclayer/pgfcorequick.code.tex
File: pgfcorequick.code.tex 2008/10/09  (rcs-revision 1.3)
)
(/usr/share/texlive/texmf-dist/tex/generic/pgf/basiclayer/pgfcoreobjects.code.t
ex
File: pgfcoreobjects.code.tex 2006/10/11  (rcs-revision 1.2)
)
(/usr/share/texlive/texmf-dist/tex/generic/pgf/basiclayer/pgfcorepathprocessing
.code.tex
File: pgfcorepathprocessing.code.tex 2013/09/09  (rcs-revision 1.9)
)
(/usr/share/texlive/texmf-dist/tex/generic/pgf/basiclayer/pgfcorearrows.code.te
x
File: pgfcorearrows.code.tex 2015/05/14  (rcs-revision 1.43)
\pgfarrowsep=\dimen163
)
(/usr/share/texlive/texmf-dist/tex/generic/pgf/basiclayer/pgfcoreshade.code.tex
File: pgfcoreshade.code.tex 2013/07/15  (rcs-revision 1.15)
\pgf@max=\dimen164
\pgf@sys@shading@range@num=\count142
)
(/usr/share/texlive/texmf-dist/tex/generic/pgf/basiclayer/pgfcoreimage.code.tex
File: pgfcoreimage.code.tex 2013/07/15  (rcs-revision 1.18)

(/usr/share/texlive/texmf-dist/tex/generic/pgf/basiclayer/pgfcoreexternal.code.
tex
File: pgfcoreexternal.code.tex 2014/07/09  (rcs-revision 1.21)
\pgfexternal@startupbox=\box36
))
(/usr/share/texlive/texmf-dist/tex/generic/pgf/basiclayer/pgfcorelayers.code.te
x
File: pgfcorelayers.code.tex 2013/07/18  (rcs-revision 1.7)
)
(/usr/share/texlive/texmf-dist/tex/generic/pgf/basiclayer/pgfcoretransparency.c
ode.tex
File: pgfcoretransparency.code.tex 2013/09/30  (rcs-revision 1.5)
)
(/usr/share/texlive/texmf-dist/tex/generic/pgf/basiclayer/pgfcorepatterns.code.
tex
File: pgfcorepatterns.code.tex 2013/11/07  (rcs-revision 1.5)
)))
(/usr/share/texlive/texmf-dist/tex/generic/pgf/modules/pgfmoduleshapes.code.tex
File: pgfmoduleshapes.code.tex 2014/03/21  (rcs-revision 1.35)
\pgfnodeparttextbox=\box37
) (/usr/share/texlive/texmf-dist/tex/generic/pgf/modules/pgfmoduleplot.code.tex
File: pgfmoduleplot.code.tex 2015/08/03  (rcs-revision 1.13)
)
(/usr/share/texlive/texmf-dist/tex/latex/pgf/compatibility/pgfcomp-version-0-65
.sty
Package: pgfcomp-version-0-65 2007/07/03 v3.0.1a (rcs-revision 1.7)
\pgf@nodesepstart=\dimen165
\pgf@nodesepend=\dimen166
)
(/usr/share/texlive/texmf-dist/tex/latex/pgf/compatibility/pgfcomp-version-1-18
.sty
Package: pgfcomp-version-1-18 2007/07/23 v3.0.1a (rcs-revision 1.1)
)) (/usr/share/texlive/texmf-dist/tex/latex/pgf/utilities/pgffor.sty
(/usr/share/texlive/texmf-dist/tex/latex/pgf/utilities/pgfkeys.sty
(/usr/share/texlive/texmf-dist/tex/generic/pgf/utilities/pgfkeys.code.tex))
(/usr/share/texlive/texmf-dist/tex/latex/pgf/math/pgfmath.sty
(/usr/share/texlive/texmf-dist/tex/generic/pgf/math/pgfmath.code.tex))
(/usr/share/texlive/texmf-dist/tex/generic/pgf/utilities/pgffor.code.tex
Package: pgffor 2013/12/13 v3.0.1a (rcs-revision 1.25)

(/usr/share/texlive/texmf-dist/tex/generic/pgf/math/pgfmath.code.tex)
\pgffor@iter=\dimen167
\pgffor@skip=\dimen168
\pgffor@stack=\toks45
\pgffor@toks=\toks46
))
(/usr/share/texlive/texmf-dist/tex/generic/pgf/frontendlayer/tikz/tikz.code.tex
Package: tikz 2015/08/07 v3.0.1a (rcs-revision 1.151)

(/usr/share/texlive/texmf-dist/tex/generic/pgf/libraries/pgflibraryplothandlers
.code.tex
File: pgflibraryplothandlers.code.tex 2013/08/31 v3.0.1a (rcs-revision 1.20)
\pgf@plot@mark@count=\count143
\pgfplotmarksize=\dimen169
)
\tikz@lastx=\dimen170
\tikz@lasty=\dimen171
\tikz@lastxsaved=\dimen172
\tikz@lastysaved=\dimen173
\tikzleveldistance=\dimen174
\tikzsiblingdistance=\dimen175
\tikz@figbox=\box38
\tikz@figbox@bg=\box39
\tikz@tempbox=\box40
\tikz@tempbox@bg=\box41
\tikztreelevel=\count144
\tikznumberofchildren=\count145
\tikznumberofcurrentchild=\count146
\tikz@fig@count=\count147

(/usr/share/texlive/texmf-dist/tex/generic/pgf/modules/pgfmodulematrix.code.tex
File: pgfmodulematrix.code.tex 2013/09/17  (rcs-revision 1.8)
\pgfmatrixcurrentrow=\count148
\pgfmatrixcurrentcolumn=\count149
\pgf@matrix@numberofcolumns=\count150
)
\tikz@expandcount=\count151

(/usr/share/texlive/texmf-dist/tex/generic/pgf/frontendlayer/tikz/libraries/tik
zlibrarytopaths.code.tex
File: tikzlibrarytopaths.code.tex 2008/06/17 v3.0.1a (rcs-revision 1.2)
)))
(/usr/share/texlive/texmf-dist/tex/generic/pgf/frontendlayer/tikz/libraries/tik
zlibrarypositioning.code.tex
File: tikzlibrarypositioning.code.tex 2008/10/06 v3.0.1a (rcs-revision 1.7)
)
(/usr/share/texlive/texmf-dist/tex/latex/microtype/microtype.sty
Package: microtype 2013/05/23 v2.5a Micro-typographical refinements (RS)
\MT@toks=\toks47
\MT@count=\count152
LaTeX Info: Redefining \textls on input line 766.
\MT@outer@kern=\dimen176
LaTeX Info: Redefining \textmicrotypecontext on input line 1285.
\MT@listname@count=\count153

(/usr/share/texlive/texmf-dist/tex/latex/microtype/microtype-pdftex.def
File: microtype-pdftex.def 2013/05/23 v2.5a Definitions specific to pdftex (RS)

LaTeX Info: Redefining \lsstyle on input line 915.
LaTeX Info: Redefining \lslig on input line 915.
\MT@outer@space=\skip68
)
Package microtype Info: Loading configuration file microtype.cfg.

(/usr/share/texlive/texmf-dist/tex/latex/microtype/microtype.cfg
File: microtype.cfg 2013/05/23 v2.5a microtype main configuration file (RS)
))
Package hyperref Info: Option `pdfnewwindow' set `true' on input line 107.
Package hyperref Info: Option `plainpages' set `false' on input line 107.
)
(./master_thesis.aux

LaTeX Warning: Label `tab:accuracy' multiply defined.


LaTeX Warning: Label `tab:accuracy' multiply defined.


LaTeX Warning: Label `tab:accuracy' multiply defined.

)
\openout1 = `master_thesis.aux'.

LaTeX Font Info:    Checking defaults for OML/cmm/m/it on input line 9.
LaTeX Font Info:    ... okay on input line 9.
LaTeX Font Info:    Checking defaults for T1/cmr/m/n on input line 9.
LaTeX Font Info:    ... okay on input line 9.
LaTeX Font Info:    Checking defaults for OT1/cmr/m/n on input line 9.
LaTeX Font Info:    ... okay on input line 9.
LaTeX Font Info:    Checking defaults for OMS/cmsy/m/n on input line 9.
LaTeX Font Info:    ... okay on input line 9.
LaTeX Font Info:    Checking defaults for OMX/cmex/m/n on input line 9.
LaTeX Font Info:    ... okay on input line 9.
LaTeX Font Info:    Checking defaults for U/cmr/m/n on input line 9.
LaTeX Font Info:    ... okay on input line 9.
LaTeX Font Info:    Checking defaults for PD1/pdf/m/n on input line 9.
LaTeX Font Info:    ... okay on input line 9.
LaTeX Font Info:    Checking defaults for PU/pdf/m/n on input line 9.
LaTeX Font Info:    ... okay on input line 9.
 (/usr/share/texlive/texmf-dist/tex/latex/ucs/ucsencs.def
File: ucsencs.def 2011/01/21 Fixes to fontencodings LGR, T3
)
Package caption Info: Begin \AtBeginDocument code.
Package caption Info: subfig package v1.3 is loaded.
Package caption Info: float package is loaded.
Package caption Info: hyperref package is loaded.
Package caption Info: End \AtBeginDocument code.

(/usr/share/texlive/texmf-dist/tex/context/base/supp-pdf.mkii
[Loading MPS to PDF converter (version 2006.09.02).]
\scratchcounter=\count154
\scratchdimen=\dimen177
\scratchbox=\box42
\nofMPsegments=\count155
\nofMParguments=\count156
\everyMPshowfont=\toks48
\MPscratchCnt=\count157
\MPscratchDim=\dimen178
\MPnumerator=\count158
\makeMPintoPDFobject=\count159
\everyMPtoPDFconversion=\toks49
) (/usr/share/texlive/texmf-dist/tex/latex/oberdiek/epstopdf-base.sty
Package: epstopdf-base 2010/02/09 v2.5 Base part for package epstopdf

(/usr/share/texlive/texmf-dist/tex/latex/oberdiek/grfext.sty
Package: grfext 2010/08/19 v1.1 Manage graphics extensions (HO)
)
Package grfext Info: Graphics extension search list:
(grfext)             [.png,.pdf,.jpg,.mps,.jpeg,.jbig2,.jb2,.PNG,.PDF,.JPG,.JPE
G,.JBIG2,.JB2,.eps]
(grfext)             \AppendGraphicsExtensions on input line 452.

(/usr/share/texlive/texmf-dist/tex/latex/latexconfig/epstopdf-sys.cfg
File: epstopdf-sys.cfg 2010/07/13 v1.3 Configuration of (r)epstopdf for TeX Liv
e
))
\AtBeginShipoutBox=\box43
Package hyperref Info: Link coloring OFF on input line 9.

(/usr/share/texlive/texmf-dist/tex/latex/hyperref/nameref.sty
Package: nameref 2012/10/27 v2.43 Cross-referencing by name of section

(/usr/share/texlive/texmf-dist/tex/generic/oberdiek/gettitlestring.sty
Package: gettitlestring 2010/12/03 v1.4 Cleanup title references (HO)
)
\c@section@level=\count160
)
LaTeX Info: Redefining \ref on input line 9.
LaTeX Info: Redefining \pageref on input line 9.
LaTeX Info: Redefining \nameref on input line 9.

(./master_thesis.out) (./master_thesis.out)
\@outlinefile=\write4
\openout4 = `master_thesis.out'.


ABD: EveryShipout initializing macros
LaTeX Info: Redefining \microtypecontext on input line 9.
Package microtype Info: Generating PDF output.
Package microtype Info: Character protrusion enabled (level 2).
Package microtype Info: Using default protrusion set `alltext'.
Package microtype Info: Automatic font expansion enabled (level 2),
(microtype)             stretch: 20, shrink: 20, step: 1, non-selected.
Package microtype Info: Using default expansion set `basictext'.
Package microtype Info: No adjustment of tracking.
Package microtype Info: No adjustment of interword spacing.
Package microtype Info: Adjustment of character kerning enabled.
Package microtype Info: Using default kerning set `alltext'.

(/usr/share/texlive/texmf-dist/tex/latex/microtype/mt-cmr.cfg
File: mt-cmr.cfg 2013/05/19 v2.2 microtype config. file: Computer Modern Roman 
(RS)
)
Package hyperref Info: Option `pageanchor' set `false' on input line 13.

(./chapters/title.tex
LaTeX Font Info:    Try loading font information for U+msa on input line 20.
 (/usr/share/texlive/texmf-dist/tex/latex/amsfonts/umsa.fd
File: umsa.fd 2013/01/14 v3.01 AMS symbols A
) (/usr/share/texlive/texmf-dist/tex/latex/microtype/mt-msa.cfg
File: mt-msa.cfg 2006/02/04 v1.1 microtype config. file: AMS symbols (a) (RS)
)
LaTeX Font Info:    Try loading font information for U+msb on input line 20.

(/usr/share/texlive/texmf-dist/tex/latex/amsfonts/umsb.fd
File: umsb.fd 2013/01/14 v3.01 AMS symbols B
)
(/usr/share/texlive/texmf-dist/tex/latex/microtype/mt-msb.cfg
File: mt-msb.cfg 2005/06/01 v1.0 microtype config. file: AMS symbols (b) (RS)
)
(/usr/share/texlive/texmf-dist/tex/latex/ucs/data/uni-0.def
File: uni-0.def 2013/05/13 UCS: Unicode data U+0000..U+00FF
) [1



{/var/lib/texmf/fonts/map/pdftex/updmap/pdftex.map}]) [2] (./chapters/declarati
on.tex
LaTeX Font Info:    Try loading font information for T1+cmss on input line 5.

(/usr/share/texlive/texmf-dist/tex/latex/base/t1cmss.fd
File: t1cmss.fd 2014/09/29 v2.5h Standard LaTeX font definitions
)
Package microtype Info: Loading generic settings for font family
(microtype)             `cmss' (encoding: T1).
(microtype)             For optimal results, create family-specific settings.
(microtype)             See the microtype manual for details.
)
(./chapters/acknowledgment.tex [1



]) (./chapters/abstract.tex [2


]
LaTeX Font Info:    Try loading font information for T1+cmtt on input line 2.

(/usr/share/texlive/texmf-dist/tex/latex/base/t1cmtt.fd
File: t1cmtt.fd 2014/09/29 v2.5h Standard LaTeX font definitions
)
Package microtype Info: Loading generic settings for font family
(microtype)             `cmtt' (encoding: T1).
(microtype)             For optimal results, create family-specific settings.
(microtype)             See the microtype manual for details.
 [3


]) [4


]
Package tocbasic Info: character protrusion at toc deactivated on input line 23
.

(./master_thesis.toc [5


])
\tf@toc=\write5
\openout5 = `master_thesis.toc'.

 [6]
Package tocbasic Info: character protrusion at lof deactivated on input line 24
.
 (./master_thesis.lof [7


]
Overfull \hbox (0.80614pt too wide) in paragraph at lines 31--31
 [][] [][]\T1/cmr/m/n/10.95 (-20) Average of the weighted sim-i-lar-ity scores 
for com-puted us-ing documents- 
 []


Overfull \hbox (9.29733pt too wide) in paragraph at lines 34--34
 [][] [][]\T1/cmr/m/n/10.95 (-20) Distribution of weights for sim-i-lar-ity ma-
tri-ces com-puted us-ing documents- 
 []

)
\tf@lof=\write6
\openout6 = `master_thesis.lof'.

 [8]
Package tocbasic Info: character protrusion at lot deactivated on input line 25
.
 (./master_thesis.lot)
\tf@lot=\write7
\openout7 = `master_thesis.lot'.

Package hyperref Info: Option `pageanchor' set `true' on input line 27.
 [9


] (./chapters/part1.tex)
(./chapters/introduction.tex [1

]
chapter 1.

Underfull \hbox (badness 10000) in paragraph at lines 4--4
[][][][]$\T1/cmtt/m/n/9 https : / / usegalaxy . eu / ?tool _ id = MAF _ Reverse
 _ Complement _ 1 & version = 1 . 0 . 1 & _ _ identifer =
 []

<figures/image_Galaxy_1.pdf, id=393, 393.47pt x 81.30376pt>
File: figures/image_Galaxy_1.pdf Graphic file (type pdf)

<use figures/image_Galaxy_1.pdf>
Package pdftex.def Info: figures/image_Galaxy_1.pdf used on input line 8.
(pdftex.def)             Requested size: 314.77641pt x 65.04308pt.

Underfull \hbox (badness 10000) in paragraph at lines 16--16
[][][][]$\T1/cmtt/m/n/9 https : / / usegalaxy . eu / ?tool _ id = toolshed . g2
 . bx . psu . edu / repos / bgruening / hicexplorer _
 []

[2


 <./figures/image_Galaxy_1.pdf

pdfTeX warning: pdflatex (file ./figures/image_Galaxy_1.pdf): PDF inclusion: in
valid other resource which is no dict (key 'ProcSets', type <array>); ignored.
>] <figures/Venn_common_tools_info.pdf, id=418, 551.05875pt x 348.30125pt>
File: figures/Venn_common_tools_info.pdf Graphic file (type pdf)

<use figures/Venn_common_tools_info.pdf>
Package pdftex.def Info: figures/Venn_common_tools_info.pdf used on input line 
20.
(pdftex.def)             Requested size: 275.52869pt x 174.15019pt.
 [3 <./figures/Venn_common_tools_info.pdf

pdfTeX warning: pdflatex (file ./figures/Venn_common_tools_info.pdf): PDF inclu
sion: invalid other resource which is no dict (key 'ProcSets', type <array>); i
gnored.
>] <figures/tools_sim_know_graph.pdf, id=434, 664.4825pt x 262.9825pt>
File: figures/tools_sim_know_graph.pdf Graphic file (type pdf)

<use figures/tools_sim_know_graph.pdf>
Package pdftex.def Info: figures/tools_sim_know_graph.pdf used on input line 32
.
(pdftex.def)             Requested size: 398.69257pt x 157.7907pt.
 [4 <./figures/tools_sim_know_graph.pdf

pdfTeX warning: pdflatex (file ./figures/tools_sim_know_graph.pdf): PDF inclusi
on: invalid other resource which is no dict (key 'ProcSets', type <array>); ign
ored.
>]) (./chapters/approach.tex [5]
chapter 2.
<figures/tool_sim_flow.pdf, id=465, 218.8175pt x 335.2525pt>
File: figures/tool_sim_flow.pdf Graphic file (type pdf)

<use figures/tool_sim_flow.pdf>
Package pdftex.def Info: figures/tool_sim_flow.pdf used on input line 5.
(pdftex.def)             Requested size: 153.17119pt x 234.67514pt.
 [6


 <./figures/tool_sim_flow.pdf

pdfTeX warning: pdflatex (file ./figures/tool_sim_flow.pdf): PDF inclusion: inv
alid other resource which is no dict (key 'ProcSets', type <array>); ignored.
>]
LaTeX Font Info:    Try loading font information for OMS+cmr on input line 16.
 (/usr/share/texlive/texmf-dist/tex/latex/base/omscmr.fd
File: omscmr.fd 2014/09/29 v2.5h Standard LaTeX font definitions
)
LaTeX Font Info:    Font shape `OMS/cmr/m/n' in size <10.95> not available
(Font)              Font shape `OMS/cmsy/m/n' tried instead on input line 16.
 [7]
Underfull \hbox (badness 10000) in paragraph at lines 29--29
[][][][]$\T1/cmtt/m/n/9 https : / / nlp . stanford . edu / IR-[]book / html / h
tmledition / stemming-[]and-[]lemmatization-[]1 .
 []

<figures/Tokens_dist.pdf, id=507, 946.01428pt x 515.28508pt>
File: figures/Tokens_dist.pdf Graphic file (type pdf)

<use figures/Tokens_dist.pdf>
Package pdftex.def Info: figures/Tokens_dist.pdf used on input line 33.
(pdftex.def)             Requested size: 378.399pt x 206.11038pt.


LaTeX Warning: `h' float specifier changed to `ht'.

<figures/tool-document-tokens.pdf, id=508, 492.84125pt x 198.7425pt>
File: figures/tool-document-tokens.pdf Graphic file (type pdf)

<use figures/tool-document-tokens.pdf>
Package pdftex.def Info: figures/tool-document-tokens.pdf used on input line 43
.
(pdftex.def)             Requested size: 344.98651pt x 139.11879pt.


LaTeX Warning: `h' float specifier changed to `ht'.

[8] [9 <./figures/Tokens_dist.pdf>] [10 <./figures/tool-document-tokens.pdf

pdfTeX warning: pdflatex (file ./figures/tool-document-tokens.pdf): PDF inclusi
on: invalid other resource which is no dict (key 'ProcSets', type <array>); ign
ored.
>] [11]
<figures/Document_tokens_full_rank.pdf, id=571, 1167.16055pt x 716.9184pt>
File: figures/Document_tokens_full_rank.pdf Graphic file (type pdf)

<use figures/Document_tokens_full_rank.pdf>
Package pdftex.def Info: figures/Document_tokens_full_rank.pdf used on input li
ne 104.
(pdftex.def)             Requested size: 466.85596pt x 286.76227pt.

Overfull \hbox (68.51732pt too wide) in paragraph at lines 104--105
 [][] 
 []

[12 <./figures/Document_tokens_full_rank.pdf>]
<figures/usv.pdf, id=592, 534.99875pt x 135.50626pt>
File: figures/usv.pdf Graphic file (type pdf)
 <use figures/usv.pdf>
Package pdftex.def Info: figures/usv.pdf used on input line 129.
(pdftex.def)             Requested size: 374.49657pt x 94.85371pt.

[13 <./figures/usv.pdf

pdfTeX warning: pdflatex (file ./figures/usv.pdf): PDF inclusion: invalid other
 resource which is no dict (key 'ProcSets', type <array>); ignored.
>] <figures/Singular_values.pdf, id=640, 1167.16055pt x 716.9184pt>
File: figures/Singular_values.pdf Graphic file (type pdf)

<use figures/Singular_values.pdf>
Package pdftex.def Info: figures/Singular_values.pdf used on input line 146.
(pdftex.def)             Requested size: 408.51231pt x 250.92519pt.

Overfull \hbox (10.17368pt too wide) in paragraph at lines 146--147
 [][] 
 []


LaTeX Warning: `h' float specifier changed to `ht'.

<figures/Sum_singular_ranks.pdf, id=641, 946.01428pt x 515.28508pt>
File: figures/Sum_singular_ranks.pdf Graphic file (type pdf)

<use figures/Sum_singular_ranks.pdf>
Package pdftex.def Info: figures/Sum_singular_ranks.pdf used on input line 153.

(pdftex.def)             Requested size: 425.7025pt x 231.87614pt.

Overfull \hbox (27.36386pt too wide) in paragraph at lines 153--154
 [][] 
 []


LaTeX Warning: `h' float specifier changed to `ht'.


<figures/Fraction_ranks_singular_values.pdf, id=642, 946.01428pt x 515.28508pt>
File: figures/Fraction_ranks_singular_values.pdf Graphic file (type pdf)
<use figures/Fraction_ranks_singular_values.pdf>
Package pdftex.def Info: figures/Fraction_ranks_singular_values.pdf used on inp
ut line 160.
(pdftex.def)             Requested size: 378.399pt x 206.11038pt.


LaTeX Warning: `h' float specifier changed to `ht'.

<figures/Document_tokens_low_rank.pdf, id=643, 1340.60847pt x 738.59943pt>
File: figures/Document_tokens_low_rank.pdf Graphic file (type pdf)

<use figures/Document_tokens_low_rank.pdf>
Package pdftex.def Info: figures/Document_tokens_low_rank.pdf used on input lin
e 169.
(pdftex.def)             Requested size: 469.22pt x 258.51367pt.

Overfull \hbox (70.88136pt too wide) in paragraph at lines 169--170
 [][] 
 []


LaTeX Warning: `h' float specifier changed to `ht'.

[14] [15 <./figures/Singular_values.pdf>] [16 <./figures/Sum_singular_ranks.pdf
>] <figures/dm_pv.pdf, id=678, 505.89pt x 185.69376pt>
File: figures/dm_pv.pdf Graphic file (type pdf)
 <use figures/dm_pv.pdf>
Package pdftex.def Info: figures/dm_pv.pdf used on input line 192.
(pdftex.def)             Requested size: 354.12057pt x 129.98474pt.


LaTeX Warning: `h' float specifier changed to `ht'.

<figures/dbow_pv.pdf, id=679, 440.64626pt x 133.49875pt>
File: figures/dbow_pv.pdf Graphic file (type pdf)

<use figures/dbow_pv.pdf>
Package pdftex.def Info: figures/dbow_pv.pdf used on input line 202.
(pdftex.def)             Requested size: 308.45027pt x 93.44847pt.


LaTeX Warning: `h' float specifier changed to `ht'.

[17 <./figures/Fraction_ranks_singular_values.pdf>] [18 <./figures/Document_tok
ens_low_rank.pdf>] [19 <./figures/dm_pv.pdf

pdfTeX warning: pdflatex (file ./figures/dm_pv.pdf): PDF inclusion: invalid oth
er resource which is no dict (key 'ProcSets', type <array>); ignored.
>] [20 <./figures/dbow_pv.pdf

pdfTeX warning: pdflatex (file ./figures/dbow_pv.pdf): PDF inclusion: invalid o
ther resource which is no dict (key 'ProcSets', type <array>); ignored.
>] [21] [22] <figures/Learning_rates.pdf, id=787, 1167.16055pt x 716.9184pt>
File: figures/Learning_rates.pdf Graphic file (type pdf)

<use figures/Learning_rates.pdf>
Package pdftex.def Info: figures/Learning_rates.pdf used on input line 314.
(pdftex.def)             Requested size: 408.51231pt x 250.92519pt.

Overfull \hbox (10.17368pt too wide) in paragraph at lines 314--315
 [][] 
 []

[23 <./figures/Learning_rates.pdf>]
(/usr/share/texlive/texmf-dist/tex/latex/ucs/data/uni-32.def
File: uni-32.def 2013/05/13 UCS: Unicode data U+2000..U+20FF
)
<figures/Difference_gradients.pdf, id=805, 1167.16055pt x 716.9184pt>
File: figures/Difference_gradients.pdf Graphic file (type pdf)

<use figures/Difference_gradients.pdf>
Package pdftex.def Info: figures/Difference_gradients.pdf used on input line 35
4.
(pdftex.def)             Requested size: 408.51231pt x 250.92519pt.

Overfull \hbox (10.17368pt too wide) in paragraph at lines 354--355
 [][] 
 []


LaTeX Warning: `h' float specifier changed to `ht'.

) (./chapters/experiments.tex [24] [25 <./figures/Difference_gradients.pdf>]
chapter 3.

LaTeX Warning: Command \' invalid in math mode on input line 12.

Missing character: There is no ± in font cmr10!
[26


]

LaTeX Warning: Command \' invalid in math mode on input line 15.

Missing character: There is no ± in font cmr10!
) (./chapters/results_analysis.tex [27] [28]
chapter 4.
<figures/Similarity_matrices_100.pdf, id=848, 1167.16055pt x 716.9184pt>
File: figures/Similarity_matrices_100.pdf Graphic file (type pdf)

<use figures/Similarity_matrices_100.pdf>
Package pdftex.def Info: figures/Similarity_matrices_100.pdf used on input line
 11.
(pdftex.def)             Requested size: 466.85596pt x 286.76227pt.

Overfull \hbox (68.51732pt too wide) in paragraph at lines 11--12
 [][] 
 []


Underfull \hbox (badness 1742) in paragraph at lines 12--12
[][][]|\T1/cmr/bx/n/10.95 Sim-i-lar-ity ma-tri-ces com-puted us-ing full-rank d
ocuments-
 []


LaTeX Warning: `h' float specifier changed to `ht'.

<figures/Weights_100.pdf, id=849, 1167.16055pt x 716.9184pt>
File: figures/Weights_100.pdf Graphic file (type pdf)

<use figures/Weights_100.pdf>
Package pdftex.def Info: figures/Weights_100.pdf used on input line 18.
(pdftex.def)             Requested size: 408.51231pt x 250.92519pt.

Overfull \hbox (10.17368pt too wide) in paragraph at lines 18--19
 [][] 
 []


LaTeX Warning: `h' float specifier changed to `ht'.

<figures/Similarity_matrices_070.pdf, id=850, 1167.16055pt x 716.9184pt>
File: figures/Similarity_matrices_070.pdf Graphic file (type pdf)

<use figures/Similarity_matrices_070.pdf>
Package pdftex.def Info: figures/Similarity_matrices_070.pdf used on input line
 28.
(pdftex.def)             Requested size: 466.85596pt x 286.76227pt.

Overfull \hbox (68.51732pt too wide) in paragraph at lines 28--29
 [][] 
 []


LaTeX Warning: `h' float specifier changed to `ht'.

<figures/Weights_070.pdf, id=851, 1167.16055pt x 716.9184pt>
File: figures/Weights_070.pdf Graphic file (type pdf)

<use figures/Weights_070.pdf>
Package pdftex.def Info: figures/Weights_070.pdf used on input line 35.
(pdftex.def)             Requested size: 408.51231pt x 250.92519pt.

Overfull \hbox (10.17368pt too wide) in paragraph at lines 35--36
 [][] 
 []


LaTeX Warning: `h' float specifier changed to `ht'.

[29


] <figures/Similarity_matrices_030.pdf, id=856, 1167.16055pt x 716.9184pt>
File: figures/Similarity_matrices_030.pdf Graphic file (type pdf)

<use figures/Similarity_matrices_030.pdf>
Package pdftex.def Info: figures/Similarity_matrices_030.pdf used on input line
 45.
(pdftex.def)             Requested size: 466.85596pt x 286.76227pt.

Overfull \hbox (68.51732pt too wide) in paragraph at lines 45--46
 [][] 
 []


LaTeX Warning: `h' float specifier changed to `ht'.

<figures/Weights_030.pdf, id=857, 1167.16055pt x 716.9184pt>
File: figures/Weights_030.pdf Graphic file (type pdf)

<use figures/Weights_030.pdf>
Package pdftex.def Info: figures/Weights_030.pdf used on input line 52.
(pdftex.def)             Requested size: 408.51231pt x 250.92519pt.

Overfull \hbox (10.17368pt too wide) in paragraph at lines 52--53
 [][] 
 []


LaTeX Warning: `h' float specifier changed to `ht'.

[30 <./figures/Similarity_matrices_100.pdf>]
<figures/Similarity_matrices_005.pdf, id=881, 1167.16055pt x 716.9184pt>
File: figures/Similarity_matrices_005.pdf Graphic file (type pdf)

<use figures/Similarity_matrices_005.pdf>
Package pdftex.def Info: figures/Similarity_matrices_005.pdf used on input line
 62.
(pdftex.def)             Requested size: 466.85596pt x 286.76227pt.

Overfull \hbox (68.51732pt too wide) in paragraph at lines 62--63
 [][] 
 []


LaTeX Warning: `h' float specifier changed to `ht'.

<figures/Weights_005.pdf, id=882, 1167.16055pt x 716.9184pt>
File: figures/Weights_005.pdf Graphic file (type pdf)

<use figures/Weights_005.pdf>
Package pdftex.def Info: figures/Weights_005.pdf used on input line 69.
(pdftex.def)             Requested size: 408.51231pt x 250.92519pt.

Overfull \hbox (10.17368pt too wide) in paragraph at lines 69--70
 [][] 
 []


LaTeX Warning: `h' float specifier changed to `ht'.

[31 <./figures/Weights_100.pdf>]
<figures/MSE_iterations_low_rank.pdf, id=895, 1167.16055pt x 716.9184pt>
File: figures/MSE_iterations_low_rank.pdf Graphic file (type pdf)

<use figures/MSE_iterations_low_rank.pdf>
Package pdftex.def Info: figures/MSE_iterations_low_rank.pdf used on input line
 82.
(pdftex.def)             Requested size: 408.51231pt x 250.92519pt.

Overfull \hbox (10.17368pt too wide) in paragraph at lines 82--83
 [][] 
 []


LaTeX Warning: `h' float specifier changed to `ht'.

<figures/Optimization_100_lsi.pdf, id=896, 946.01428pt x 515.28508pt>
File: figures/Optimization_100_lsi.pdf Graphic file (type pdf)

<use figures/Optimization_100_lsi.pdf>
Package pdftex.def Info: figures/Optimization_100_lsi.pdf used on input line 89
.
(pdftex.def)             Requested size: 378.399pt x 206.11038pt.


LaTeX Warning: `h' float specifier changed to `ht'.

<figures/Optimization_005_lsi.pdf, id=897, 946.01428pt x 515.28508pt>
File: figures/Optimization_005_lsi.pdf Graphic file (type pdf)

<use figures/Optimization_005_lsi.pdf>
Package pdftex.def Info: figures/Optimization_005_lsi.pdf used on input line 97
.
(pdftex.def)             Requested size: 378.399pt x 206.11038pt.


LaTeX Warning: `h' float specifier changed to `ht'.

<figures/Documents-tokens_doc2vec.pdf, id=898, 1167.16055pt x 716.9184pt>
File: figures/Documents-tokens_doc2vec.pdf Graphic file (type pdf)

<use figures/Documents-tokens_doc2vec.pdf>
Package pdftex.def Info: figures/Documents-tokens_doc2vec.pdf used on input lin
e 107.
(pdftex.def)             Requested size: 466.85596pt x 286.76227pt.

Overfull \hbox (68.51732pt too wide) in paragraph at lines 107--108
 [][] 
 []

[32 <./figures/Similarity_matrices_070.pdf>]

LaTeX Warning: `h' float specifier changed to `ht'.

<figures/Similarity_matrices_doc2vec.pdf, id=923, 1167.16055pt x 716.9184pt>
File: figures/Similarity_matrices_doc2vec.pdf Graphic file (type pdf)

<use figures/Similarity_matrices_doc2vec.pdf>
Package pdftex.def Info: figures/Similarity_matrices_doc2vec.pdf used on input 
line 114.
(pdftex.def)             Requested size: 466.85596pt x 286.76227pt.

Overfull \hbox (68.51732pt too wide) in paragraph at lines 114--115
 [][] 
 []


LaTeX Warning: `h' float specifier changed to `ht'.

<figures/Weights_doc2vec.pdf, id=924, 1167.16055pt x 716.9184pt>
File: figures/Weights_doc2vec.pdf Graphic file (type pdf)

<use figures/Weights_doc2vec.pdf>
Package pdftex.def Info: figures/Weights_doc2vec.pdf used on input line 121.
(pdftex.def)             Requested size: 408.51231pt x 250.92519pt.

Overfull \hbox (10.17368pt too wide) in paragraph at lines 121--122
 [][] 
 []


LaTeX Warning: `h' float specifier changed to `ht'.


<figures/weighted_optimal_uniform_scores.pdf, id=925, 946.01428pt x 515.28508pt
>
File: figures/weighted_optimal_uniform_scores.pdf Graphic file (type pdf)
 <use figures/weighted_optimal_uniform_scores.pdf>
Package pdftex.def Info: figures/weighted_optimal_uniform_scores.pdf used on in
put line 128.
(pdftex.def)             Requested size: 425.7025pt x 231.87614pt.

Overfull \hbox (27.36386pt too wide) in paragraph at lines 128--129
 [][] 
 []


LaTeX Warning: `h' float specifier changed to `ht'.


Overfull \hbox (4.80406pt too wide) in paragraph at lines 138--144
 [] 
 []


Underfull \hbox (badness 1558) in paragraph at lines 145--145
[][][]|\T1/cmr/bx/n/10.95 Sim-i-lar tools (top-2) for "hisat" ex-tracted us-ing
 full-rank
 []


Overfull \hbox (4.80406pt too wide) in paragraph at lines 151--157
 [] 
 []


Overfull \hbox (4.80406pt too wide) in paragraph at lines 164--170
 [] 
 []

) (./chapters/conclusion.tex [33 <./figures/Weights_070.pdf>] [34] [35 <./figur
es/Similarity_matrices_030.pdf>] [36 <./figures/Weights_030.pdf>] [37 <./figure
s/Similarity_matrices_005.pdf>] [38 <./figures/Weights_005.pdf>] [39 <./figures
/MSE_iterations_low_rank.pdf>] [40 <./figures/Optimization_100_lsi.pdf> <./figu
res/Optimization_005_lsi.pdf

pdfTeX warning: pdflatex (file ./figures/Optimization_005_lsi.pdf): PDF inclusi
on: multiple pdfs with page group included in a single page
>] [41 <./figures/Documents-tokens_doc2vec.pdf>] [42 <./figures/Similarity_matr
ices_doc2vec.pdf>] [43 <./figures/Weights_doc2vec.pdf>] [44 <./figures/weighted
_optimal_uniform_scores.pdf>]
chapter 5.
[45


]) (./chapters/futurework.tex [46]
chapter 6.
) [47


] (./chapters/part2.tex) (./master_thesis.bbl [48]
Underfull \hbox (badness 2726) in paragraph at lines 13--16
[]\T1/cmr/m/n/10.95 (+20) Z. Kaoudi, J. Quiané-Ruiz, S. Thiru-mu-ru-ganathan, S
. Chawla, and
 []

[49


]) [50] [51]
Package atveryend Info: Empty hook `BeforeClearDocument' on input line 51.
Package atveryend Info: Empty hook `AfterLastShipout' on input line 51.
 (./master_thesis.aux)
Package atveryend Info: Executing hook `AtVeryEndDocument' on input line 51.
Package atveryend Info: Executing hook `AtEndAfterFileList' on input line 51.
Package rerunfilecheck Info: File `master_thesis.out' has not changed.
(rerunfilecheck)             Checksum: 97AC06DFF58D645E3ACD37D320C2611D;7608.


LaTeX Warning: There were multiply-defined labels.

Package atveryend Info: Empty hook `AtVeryVeryEnd' on input line 51.
 ) 
Here is how much of TeX's memory you used:
 26315 strings out of 493029
 464748 string characters out of 6136235
 613722 words of memory out of 5000000
 28998 multiletter control sequences out of 15000+600000
 30510 words of font info for 139 fonts, out of 8000000 for 9000
 1141 hyphenation exceptions out of 8191
 67i,9n,66p,2472b,637s stack positions out of 5000i,500n,10000p,200000b,80000s
{/usr/share/texmf/fonts/enc/dvips/cm-super/cm-super-t1.enc}</usr/share/texliv
e/texmf-dist/fonts/type1/public/amsfonts/cm/cmex10.pfb></usr/share/texlive/texm
f-dist/fonts/type1/public/amsfonts/cmextra/cmex8.pfb></usr/share/texlive/texmf-
dist/fonts/type1/public/amsfonts/cm/cmmi10.pfb></usr/share/texlive/texmf-dist/f
onts/type1/public/amsfonts/cm/cmmi12.pfb></usr/share/texlive/texmf-dist/fonts/t
ype1/public/amsfonts/cm/cmmi6.pfb></usr/share/texlive/texmf-dist/fonts/type1/pu
blic/amsfonts/cm/cmmi8.pfb></usr/share/texlive/texmf-dist/fonts/type1/public/am
sfonts/cm/cmr10.pfb></usr/share/texlive/texmf-dist/fonts/type1/public/amsfonts/
cm/cmr12.pfb></usr/share/texlive/texmf-dist/fonts/type1/public/amsfonts/cm/cmr1
7.pfb></usr/share/texlive/texmf-dist/fonts/type1/public/amsfonts/cm/cmr6.pfb></
usr/share/texlive/texmf-dist/fonts/type1/public/amsfonts/cm/cmr8.pfb></usr/shar
e/texlive/texmf-dist/fonts/type1/public/amsfonts/cm/cmsy10.pfb></usr/share/texl
ive/texmf-dist/fonts/type1/public/amsfonts/cm/cmsy8.pfb></usr/share/texlive/tex
mf-dist/fonts/type1/public/amsfonts/cm/cmsy9.pfb></usr/share/texmf/fonts/type1/
public/cm-super/sfbx1095.pfb></usr/share/texmf/fonts/type1/public/cm-super/sfbx
1440.pfb></usr/share/texmf/fonts/type1/public/cm-super/sfbx2074.pfb></usr/share
/texmf/fonts/type1/public/cm-super/sfrm0600.pfb></usr/share/texmf/fonts/type1/p
ublic/cm-super/sfrm0800.pfb></usr/share/texmf/fonts/type1/public/cm-super/sfrm0
900.pfb></usr/share/texmf/fonts/type1/public/cm-super/sfrm1095.pfb></usr/share/
texmf/fonts/type1/public/cm-super/sfrm1440.pfb></usr/share/texmf/fonts/type1/pu
blic/cm-super/sfsx1095.pfb></usr/share/texmf/fonts/type1/public/cm-super/sfsx12
00.pfb></usr/share/texmf/fonts/type1/public/cm-super/sfsx1440.pfb></usr/share/t
exmf/fonts/type1/public/cm-super/sfti1095.pfb></usr/share/texmf/fonts/type1/pub
lic/cm-super/sftt0900.pfb>
Output written on master_thesis.pdf (62 pages, 5022662 bytes).
PDF statistics:
 1278 PDF objects out of 1440 (max. 8388607)
 1040 compressed objects within 11 object streams
 208 named destinations out of 1000 (max. 500000)
 22536 words of extra memory for PDF output out of 24883 (max. 10000000)

