mktextfm ecrm1095+20
mktextfm ecrm1095-20
mktextfm cmr10+20
mktextfm cmr10-20
mktextfm ecss1095+20
mktextfm ecss1095-20
mktextfm ecrm0900+20
mktextfm ecrm0900-20
mktextfm cmr9+20
mktextfm cmr9-20
mktextfm ecrm1095+20
mktextfm ecrm1095-20
mktextfm cmr10+20
mktextfm cmr10-20
mktextfm ecss1095+20
mktextfm ecss1095-20
mktextfm ecrm0900+20
mktextfm ecrm0900-20
mktextfm cmr9+20
mktextfm cmr9-20
mktextfm ecrm1095+20
mktextfm ecrm1095-20
mktextfm cmr10+20
mktextfm cmr10-20
mktextfm ecss1095+20
mktextfm ecss1095-20
mktextfm ecrm0900+20
mktextfm ecrm0900-20
mktextfm cmr9+20
mktextfm cmr9-20
